<?xml version="1.0" encoding="UTF-8"?>
<testsuite name="me.weekbelt.chapter01.ScoreCollectionTest" tests="1" skipped="0" failures="0" errors="0" timestamp="2022-01-05T06:52:56" hostname="joohyuk-MacBookPro.local" time="0.037">
  <properties/>
  <testcase name="answerArithmeticMeanOfTwoNumbers()" classname="me.weekbelt.chapter01.ScoreCollectionTest" time="0.037"/>
  <system-out><![CDATA[]]></system-out>
  <system-err><![CDATA[]]></system-err>
</testsuite>
